<?xml version="1.0" encoding="UTF-8"?>
<testng-results ignored="0" total="1" passed="1" failed="0" skipped="0">
  <reporter-output>
  </reporter-output>
  <suite started-at="2024-07-06T16:08:04 IST" name="Default suite" finished-at="2024-07-06T16:08:19 IST" duration-ms="14294">
    <groups>
    </groups>
    <test started-at="2024-07-06T16:08:04 IST" name="Default test" finished-at="2024-07-06T16:08:19 IST" duration-ms="14294">
      <class name="Mouse_Over">
        <test-method is-config="true" signature="setup()[pri:0, instance:Mouse_Over@2892d68]" started-at="2024-07-06T16:08:04 IST" name="setup" finished-at="2024-07-06T16:08:08 IST" duration-ms="3650" status="PASS">
          <reporter-output>
          </reporter-output>
        </test-method> <!-- setup -->
        <test-method signature="tc1()[pri:0, instance:Mouse_Over@2892d68]" started-at="2024-07-06T16:08:08 IST" name="tc1" finished-at="2024-07-06T16:08:15 IST" duration-ms="7237" status="PASS">
          <reporter-output>
          </reporter-output>
        </test-method> <!-- tc1 -->
        <test-method is-config="true" signature="teardwon()[pri:0, instance:Mouse_Over@2892d68]" started-at="2024-07-06T16:08:15 IST" name="teardwon" finished-at="2024-07-06T16:08:19 IST" duration-ms="3352" status="PASS">
          <reporter-output>
          </reporter-output>
        </test-method> <!-- teardwon -->
      </class> <!-- Mouse_Over -->
    </test> <!-- Default test -->
  </suite> <!-- Default suite -->
</testng-results>
